[2022-09-11T17:13:39.077+0000] {taskinstance.py:1171} INFO - Dependencies all met for <TaskInstance: scrapping_etl.etl manual__2022-09-11T17:13:37.855080+00:00 [queued]>
[2022-09-11T17:13:39.102+0000] {taskinstance.py:1171} INFO - Dependencies all met for <TaskInstance: scrapping_etl.etl manual__2022-09-11T17:13:37.855080+00:00 [queued]>
[2022-09-11T17:13:39.107+0000] {taskinstance.py:1368} INFO - 
--------------------------------------------------------------------------------
[2022-09-11T17:13:39.110+0000] {taskinstance.py:1369} INFO - Starting attempt 1 of 2
[2022-09-11T17:13:39.111+0000] {taskinstance.py:1370} INFO - 
--------------------------------------------------------------------------------
[2022-09-11T17:13:39.140+0000] {taskinstance.py:1389} INFO - Executing <Task(PythonOperator): etl> on 2022-09-11 17:13:37.855080+00:00
[2022-09-11T17:13:39.245+0000] {standard_task_runner.py:52} INFO - Started process 24931 to run task
[2022-09-11T17:13:39.298+0000] {standard_task_runner.py:79} INFO - Running: ['***', 'tasks', 'run', 'scrapping_etl', 'etl', 'manual__2022-09-11T17:13:37.855080+00:00', '--job-id', '16', '--raw', '--subdir', 'DAGS_FOLDER/job_dag.py', '--cfg-path', '/tmp/tmpu2hknnuh', '--error-file', '/tmp/tmpzpvcvhr1']
[2022-09-11T17:13:39.302+0000] {standard_task_runner.py:80} INFO - Job 16: Subtask etl
[2022-09-11T17:13:39.546+0000] {task_command.py:371} INFO - Running <TaskInstance: scrapping_etl.etl manual__2022-09-11T17:13:37.855080+00:00 [running]> on host 71464bd58847
[2022-09-11T17:13:39.720+0000] {taskinstance.py:1583} INFO - Exporting the following env vars:
AIRFLOW_CTX_DAG_EMAIL=c.mendozar@outlook.com
AIRFLOW_CTX_DAG_OWNER=***
AIRFLOW_CTX_DAG_ID=scrapping_etl
AIRFLOW_CTX_TASK_ID=etl
AIRFLOW_CTX_EXECUTION_DATE=2022-09-11T17:13:37.855080+00:00
AIRFLOW_CTX_TRY_NUMBER=1
AIRFLOW_CTX_DAG_RUN_ID=manual__2022-09-11T17:13:37.855080+00:00
[2022-09-11T17:13:44.340+0000] {logging_mixin.py:115} INFO - TOTAL JOBS INSERTED: 134
[2022-09-11T17:13:45.336+0000] {python.py:173} INFO - Done. Returned value was: None
[2022-09-11T17:13:45.374+0000] {taskinstance.py:1412} INFO - Marking task as SUCCESS. dag_id=scrapping_etl, task_id=etl, execution_date=20220911T171337, start_date=20220911T171339, end_date=20220911T171345
[2022-09-11T17:13:45.453+0000] {local_task_job.py:156} INFO - Task exited with return code 0
[2022-09-11T17:13:45.480+0000] {local_task_job.py:279} INFO - 0 downstream tasks scheduled from follow-on schedule check
