[2022-09-11T16:12:34.769+0000] {taskinstance.py:1171} INFO - Dependencies all met for <TaskInstance: scrapping_etl.etl manual__2022-09-11T16:12:32.303680+00:00 [queued]>
[2022-09-11T16:12:34.787+0000] {taskinstance.py:1171} INFO - Dependencies all met for <TaskInstance: scrapping_etl.etl manual__2022-09-11T16:12:32.303680+00:00 [queued]>
[2022-09-11T16:12:34.792+0000] {taskinstance.py:1368} INFO - 
--------------------------------------------------------------------------------
[2022-09-11T16:12:34.793+0000] {taskinstance.py:1369} INFO - Starting attempt 1 of 2
[2022-09-11T16:12:34.797+0000] {taskinstance.py:1370} INFO - 
--------------------------------------------------------------------------------
[2022-09-11T16:12:34.822+0000] {taskinstance.py:1389} INFO - Executing <Task(PythonOperator): etl> on 2022-09-11 16:12:32.303680+00:00
[2022-09-11T16:12:34.834+0000] {standard_task_runner.py:52} INFO - Started process 22079 to run task
[2022-09-11T16:12:34.838+0000] {standard_task_runner.py:79} INFO - Running: ['***', 'tasks', 'run', 'scrapping_etl', 'etl', 'manual__2022-09-11T16:12:32.303680+00:00', '--job-id', '9', '--raw', '--subdir', 'DAGS_FOLDER/job_dag.py', '--cfg-path', '/tmp/tmpx5ipd9kv', '--error-file', '/tmp/tmpcp_5ok6k']
[2022-09-11T16:12:34.839+0000] {standard_task_runner.py:80} INFO - Job 9: Subtask etl
[2022-09-11T16:12:34.898+0000] {task_command.py:371} INFO - Running <TaskInstance: scrapping_etl.etl manual__2022-09-11T16:12:32.303680+00:00 [running]> on host 71464bd58847
[2022-09-11T16:12:34.948+0000] {taskinstance.py:1583} INFO - Exporting the following env vars:
AIRFLOW_CTX_DAG_EMAIL=c.mendozar@outlook.com
AIRFLOW_CTX_DAG_OWNER=***
AIRFLOW_CTX_DAG_ID=scrapping_etl
AIRFLOW_CTX_TASK_ID=etl
AIRFLOW_CTX_EXECUTION_DATE=2022-09-11T16:12:32.303680+00:00
AIRFLOW_CTX_TRY_NUMBER=1
AIRFLOW_CTX_DAG_RUN_ID=manual__2022-09-11T16:12:32.303680+00:00
[2022-09-11T16:12:37.862+0000] {logging_mixin.py:115} INFO - ds
[2022-09-11T16:12:37.873+0000] {warnings.py:110} WARNING - /opt/***/dags/etl.py:26: GuessedAtParserWarning: No parser was explicitly specified, so I'm using the best available HTML parser for this system ("lxml"). This usually isn't a problem, but if you run this code on another system, or in a different virtual environment, it may use a different parser and behave differently.

The code that caused this warning is on line 26 of the file /opt/***/dags/etl.py. To get rid of this warning, pass the additional argument 'features="lxml"' to the BeautifulSoup constructor.

  job = BeautifulSoup(str(raw_job))

[2022-09-11T16:12:59.995+0000] {logging_mixin.py:115} INFO - TOTAL DOCS TO INSERT: 134 jobs
[2022-09-11T16:13:00.004+0000] {logging_mixin.py:115} INFO - TOTAL INSERTED: 134 jobs
[2022-09-11T16:13:00.010+0000] {logging_mixin.py:115} INFO - TOTAL NOT INSERTED: 0 jobs
[2022-09-11T16:13:00.022+0000] {python.py:173} INFO - Done. Returned value was: None
[2022-09-11T16:13:00.064+0000] {taskinstance.py:1412} INFO - Marking task as SUCCESS. dag_id=scrapping_etl, task_id=etl, execution_date=20220911T161232, start_date=20220911T161234, end_date=20220911T161300
[2022-09-11T16:13:00.180+0000] {local_task_job.py:156} INFO - Task exited with return code 0
[2022-09-11T16:13:00.215+0000] {local_task_job.py:279} INFO - 0 downstream tasks scheduled from follow-on schedule check
