[2022-09-11T16:41:57.213+0000] {taskinstance.py:1171} INFO - Dependencies all met for <TaskInstance: scrapping_etl.etl manual__2022-09-11T16:41:56.519798+00:00 [queued]>
[2022-09-11T16:41:57.222+0000] {taskinstance.py:1171} INFO - Dependencies all met for <TaskInstance: scrapping_etl.etl manual__2022-09-11T16:41:56.519798+00:00 [queued]>
[2022-09-11T16:41:57.224+0000] {taskinstance.py:1368} INFO - 
--------------------------------------------------------------------------------
[2022-09-11T16:41:57.225+0000] {taskinstance.py:1369} INFO - Starting attempt 1 of 2
[2022-09-11T16:41:57.226+0000] {taskinstance.py:1370} INFO - 
--------------------------------------------------------------------------------
[2022-09-11T16:41:57.234+0000] {taskinstance.py:1389} INFO - Executing <Task(PythonOperator): etl> on 2022-09-11 16:41:56.519798+00:00
[2022-09-11T16:41:57.240+0000] {standard_task_runner.py:52} INFO - Started process 23533 to run task
[2022-09-11T16:41:57.243+0000] {standard_task_runner.py:79} INFO - Running: ['***', 'tasks', 'run', 'scrapping_etl', 'etl', 'manual__2022-09-11T16:41:56.519798+00:00', '--job-id', '15', '--raw', '--subdir', 'DAGS_FOLDER/job_dag.py', '--cfg-path', '/tmp/tmpe8n01rfz', '--error-file', '/tmp/tmpv1o36np7']
[2022-09-11T16:41:57.244+0000] {standard_task_runner.py:80} INFO - Job 15: Subtask etl
[2022-09-11T16:41:57.310+0000] {task_command.py:371} INFO - Running <TaskInstance: scrapping_etl.etl manual__2022-09-11T16:41:56.519798+00:00 [running]> on host 71464bd58847
[2022-09-11T16:41:57.352+0000] {taskinstance.py:1583} INFO - Exporting the following env vars:
AIRFLOW_CTX_DAG_EMAIL=c.mendozar@outlook.com
AIRFLOW_CTX_DAG_OWNER=***
AIRFLOW_CTX_DAG_ID=scrapping_etl
AIRFLOW_CTX_TASK_ID=etl
AIRFLOW_CTX_EXECUTION_DATE=2022-09-11T16:41:56.519798+00:00
AIRFLOW_CTX_TRY_NUMBER=1
AIRFLOW_CTX_DAG_RUN_ID=manual__2022-09-11T16:41:56.519798+00:00
[2022-09-11T16:42:00.052+0000] {logging_mixin.py:115} INFO - 2022-09-11
[2022-09-11T16:42:00.063+0000] {logging_mixin.py:115} INFO - datetime: 2022-09-11 00:00:00
[2022-09-11T16:42:22.573+0000] {logging_mixin.py:115} INFO - TOTAL DOCS TO INSERT: 134 jobs
[2022-09-11T16:42:22.587+0000] {logging_mixin.py:115} INFO - TOTAL INSERTED: 134 jobs
[2022-09-11T16:42:22.591+0000] {logging_mixin.py:115} INFO - TOTAL NOT INSERTED: 0 jobs
[2022-09-11T16:42:22.607+0000] {python.py:173} INFO - Done. Returned value was: None
[2022-09-11T16:42:22.655+0000] {taskinstance.py:1412} INFO - Marking task as SUCCESS. dag_id=scrapping_etl, task_id=etl, execution_date=20220911T164156, start_date=20220911T164157, end_date=20220911T164222
[2022-09-11T16:42:22.767+0000] {local_task_job.py:156} INFO - Task exited with return code 0
[2022-09-11T16:42:22.791+0000] {local_task_job.py:279} INFO - 0 downstream tasks scheduled from follow-on schedule check
